<?xml version="1.0" encoding="UTF-8"?>
<testsuite name="UnitTest" tests="1" skipped="0" failures="0" errors="0" timestamp="2016-02-16T17:11:38" hostname="epicodus-65.local" time="0.001">
  <properties/>
  <testcase name="place_instantiatesCorrectly_true" classname="UnitTest" time="0.001"/>
  <system-out><![CDATA[]]></system-out>
  <system-err><![CDATA[]]></system-err>
</testsuite>
