<?xml version="1.0" encoding="UTF-8"?>
<testsuite name="IntegrationTest" tests="2" skipped="0" failures="0" errors="0" timestamp="2016-02-16T17:24:49" hostname="epicodus-65.local" time="0.31">
  <properties/>
  <testcase name="submitPlaceTest" classname="IntegrationTest" time="0.297"/>
  <testcase name="rootTest" classname="IntegrationTest" time="0.009"/>
  <system-out><![CDATA[]]></system-out>
  <system-err><![CDATA[[Thread-4] INFO spark.webserver.SparkServer - == Spark has ignited ...
[Thread-4] INFO spark.webserver.SparkServer - >> Listening on 0.0.0.0:4567
[Thread-4] INFO org.eclipse.jetty.server.Server - jetty-9.0.2.v20130417
[Thread-4] INFO org.eclipse.jetty.server.ServerConnector - Started ServerConnector@7eb32195{HTTP/1.1}{0.0.0.0:4567}
[Test worker] INFO spark.webserver.SparkServer - >>> Spark shutting down ...
[Test worker] INFO org.eclipse.jetty.server.Server - Graceful shutdown org.eclipse.jetty.server.Server@13b79972 by 
[Test worker] INFO org.eclipse.jetty.server.ServerConnector - Stopped ServerConnector@7eb32195{HTTP/1.1}{0.0.0.0:4567}
[Test worker] INFO spark.webserver.SparkServer - done
]]></system-err>
</testsuite>
