<?xml version="1.0" encoding="UTF-8"?>
<testsuite name="UnitTest" tests="2" skipped="0" failures="0" errors="0" timestamp="2016-02-16T17:46:26" hostname="epicodus-65.local" time="0.0">
  <properties/>
  <testcase name="place_instantiatesCorrectly_true" classname="UnitTest" time="0.0"/>
  <testcase name="place_setsPlaceName" classname="UnitTest" time="0.0"/>
  <system-out><![CDATA[]]></system-out>
  <system-err><![CDATA[]]></system-err>
</testsuite>
